<?xml version="1.0" encoding="UTF-8"?>
<!-- Generated by org.testng.reporters.JUnitXMLReporter -->
<testsuite hostname="DESKTOP-D8DQDCI" name="Default test" tests="3" failures="0" timestamp="13 Jul 2018 23:19:43 GMT" time="17.132" errors="0">
  <testcase name="testTitle" time="0.058" classname="crossBrowsertesting.MultipleTestAnnotations"/>
  <testcase name="verifyText2" time="0.143" classname="crossBrowsertesting.MultipleTestAnnotations"/>
  <testcase name="verifyText1" time="0.064" classname="crossBrowsertesting.MultipleTestAnnotations"/>
</testsuite> <!-- Default test -->
